<?xml version="1.0" encoding="UTF-8"?>
<!-- Generated by org.testng.reporters.JUnitReportReporter -->
<testsuite hostname="LIE-5CG9343MH7" failures="0" tests="3" name="StepDefinitions.SchoolsHtml" time="3.455" errors="0" timestamp="2021-05-18T14:27:30 IST" skipped="0">
  <testcase classname="StepDefinitions.SchoolsHtml" name="validate_title_text" time="0.139"/>
  <system-out/>
  <testcase classname="StepDefinitions.SchoolsHtml" name="navigate_to_3schools_home_page" time="1.598"/>
  <system-out/>
  <testcase classname="StepDefinitions.SchoolsHtml" name="check_the_firefox_browser_is_open" time="1.718"/>
  <system-out/>
</testsuite> <!-- StepDefinitions.SchoolsHtml -->
