<?xml version="1.0" encoding="UTF-8"?>
<!-- Generated by org.testng.reporters.JUnitReportReporter -->
<testsuite hostname="LIE-5CG9343MH7" failures="0" tests="3" name="StepDefinitions.GitHub" time="14.907" errors="0" timestamp="2021-05-18T14:27:30 IST" skipped="0">
  <testcase classname="StepDefinitions.GitHub" name="check_the_chrome_browser_is_open" time="3.360"/>
  <system-out/>
  <testcase classname="StepDefinitions.GitHub" name="validate_heading_text" time="10.354"/>
  <system-out/>
  <testcase classname="StepDefinitions.GitHub" name="navigate_to_git_hub_home_page" time="1.193"/>
  <system-out/>
</testsuite> <!-- StepDefinitions.GitHub -->
